<?xml version="1.0" encoding="UTF-8"?>
<!-- Generated by org.testng.reporters.JUnitXMLReporter -->
<testsuite ignored="0" hostname="Kshitijs-MacBook-Pro.local" failures="1" tests="1" name="Test" time="13.95" errors="0" timestamp="2023-08-25T21:01:07 IST">
  <testcase classname="testPackage.SeleniumTest1Test" name="f" time="13.909">
    <failure type="java.lang.AssertionError" message="expected:&amp;lt;You are successfully logged in.&amp;gt; but was:&amp;lt;You are successfully logged in...&amp;gt;">
      <![CDATA[java.lang.AssertionError: expected:<You are successfully logged in.> but was:<You are successfully logged in...>
at testPackage.SeleniumTest1Test.f(SeleniumTest1Test.java:47)
at java.base/java.util.ArrayList.forEach(ArrayList.java:1511)
... Removed 29 stack frames]]>
    </failure>
  </testcase> <!-- f -->
</testsuite> <!-- Test -->
