<?xml version="1.0" encoding="UTF-8"?>
<testng-results ignored="0" total="1" passed="1" failed="0" skipped="0">
  <reporter-output>
  </reporter-output>
  <suite started-at="2023-07-31T12:03:05 IST" name="Default suite" finished-at="2023-07-31T12:03:15 IST" duration-ms="10511">
    <groups>
    </groups>
    <test started-at="2023-07-31T12:03:05 IST" name="Default test" finished-at="2023-07-31T12:03:15 IST" duration-ms="10511">
      <class name="testPackage.AmazonTest">
        <test-method signature="f()[pri:0, instance:testPackage.AmazonTest@31c88ec8]" started-at="2023-07-31T12:03:05 IST" name="f" finished-at="2023-07-31T12:03:15 IST" duration-ms="10457" status="PASS">
          <reporter-output>
          </reporter-output>
        </test-method> <!-- f -->
      </class> <!-- testPackage.AmazonTest -->
    </test> <!-- Default test -->
  </suite> <!-- Default suite -->
</testng-results>
